# JRE version: OpenJDK Runtime Environment (11.0.15) (build 11.0.15+0-b2043.56-8887301)
# Java VM: OpenJDK 64-Bit Server VM (11.0.15+0-b2043.56-8887301, mixed mode, tiered, compressed oops, g1 gc, windows-amd64)
Heap:
 garbage-first heap   total 431104K, used 166423K [0x00000000a0000000, 0x0000000100000000)
  region size 1024K, 4 young (4096K), 4 survivors (4096K)
 Metaspace       used 113812K, capacity 117288K, committed 117424K, reserved 1150976K
  class space    used 14702K, capacity 16087K, committed 16128K, reserved 1048576K
GC Heap History (20 events):
Event: 22.796 GC heap after
{Heap after GC invocations=55 (full 0):
 garbage-first heap   total 187392K, used 121711K [0x00000000a0000000, 0x0000000100000000)
  region size 1024K, 4 young (4096K), 4 survivors (4096K)
 Metaspace       used 100409K, capacity 102950K, committed 103472K, reserved 1138688K
  class space    used 12599K, capacity 13501K, committed 13696K, reserved 1048576K
}
Event: 23.107 GC heap before
{Heap before GC invocations=56 (full 0):
 garbage-first heap   total 187392K, used 146287K [0x00000000a0000000, 0x0000000100000000)
  region size 1024K, 33 young (33792K), 4 survivors (4096K)
 Metaspace       used 101972K, capacity 104570K, committed 104880K, reserved 1140736K
  class space    used 12790K, capacity 13722K, committed 13824K, reserved 1048576K
}
Event: 23.115 GC heap after
{Heap after GC invocations=57 (full 0):
 garbage-first heap   total 225280K, used 121107K [0x00000000a0000000, 0x0000000100000000)
  region size 1024K, 4 young (4096K), 4 survivors (4096K)
 Metaspace       used 101972K, capacity 104570K, committed 104880K, reserved 1140736K
  class space    used 12790K, capacity 13722K, committed 13824K, reserved 1048576K
}
Event: 23.148 GC heap before
{Heap before GC invocations=57 (full 0):
 garbage-first heap   total 225280K, used 127251K [0x00000000a0000000, 0x0000000100000000)
  region size 1024K, 11 young (11264K), 4 survivors (4096K)
 Metaspace       used 102326K, capacity 104949K, committed 105136K, reserved 1140736K
  class space    used 12818K, capacity 13759K, committed 13824K, reserved 1048576K
}
Event: 23.152 GC heap after
{Heap after GC invocations=58 (full 0):
 garbage-first heap   total 225280K, used 118841K [0x00000000a0000000, 0x0000000100000000)
  region size 1024K, 2 young (2048K), 2 survivors (2048K)
 Metaspace       used 102326K, capacity 104949K, committed 105136K, reserved 1140736K
  class space    used 12818K, capacity 13759K, committed 13824K, reserved 1048576K
}
Event: 23.356 GC heap before
{Heap before GC invocations=58 (full 0):
 garbage-first heap   total 225280K, used 139321K [0x00000000a0000000, 0x0000000100000000)
  region size 1024K, 24 young (24576K), 2 survivors (2048K)
 Metaspace       used 103523K, capacity 106272K, committed 106416K, reserved 1142784K
  class space    used 13015K, capacity 13991K, committed 14080K, reserved 1048576K
}
Event: 23.362 GC heap after
{Heap after GC invocations=59 (full 0):
 garbage-first heap   total 225280K, used 121373K [0x00000000a0000000, 0x0000000100000000)
  region size 1024K, 5 young (5120K), 5 survivors (5120K)
 Metaspace       used 103523K, capacity 106272K, committed 106416K, reserved 1142784K
  class space    used 13015K, capacity 13991K, committed 14080K, reserved 1048576K
}
Event: 23.829 GC heap before
{Heap before GC invocations=60 (full 0):
 garbage-first heap   total 225280K, used 173597K [0x00000000a0000000, 0x0000000100000000)
  region size 1024K, 55 young (56320K), 5 survivors (5120K)
 Metaspace       used 105748K, capacity 108560K, committed 108848K, reserved 1144832K
  class space    used 13350K, capacity 14384K, committed 14464K, reserved 1048576K
}
Event: 23.838 GC heap after
{Heap after GC invocations=61 (full 0):
 garbage-first heap   total 225280K, used 130461K [0x00000000a0000000, 0x0000000100000000)
  region size 1024K, 7 young (7168K), 7 survivors (7168K)
 Metaspace       used 105748K, capacity 108560K, committed 108848K, reserved 1144832K
  class space    used 13350K, capacity 14384K, committed 14464K, reserved 1048576K
}
Event: 23.868 GC heap before
{Heap before GC invocations=61 (full 0):
 garbage-first heap   total 225280K, used 133533K [0x00000000a0000000, 0x0000000100000000)
  region size 1024K, 11 young (11264K), 7 survivors (7168K)
 Metaspace       used 105966K, capacity 108796K, committed 108848K, reserved 1144832K
  class space    used 13389K, capacity 14420K, committed 14464K, reserved 1048576K
}
Event: 23.878 GC heap after
{Heap after GC invocations=62 (full 0):
 garbage-first heap   total 225280K, used 126882K [0x00000000a0000000, 0x0000000100000000)
  region size 1024K, 2 young (2048K), 2 survivors (2048K)
 Metaspace       used 105966K, capacity 108796K, committed 108848K, reserved 1144832K
  class space    used 13389K, capacity 14420K, committed 14464K, reserved 1048576K
}
Event: 24.077 GC heap before
{Heap before GC invocations=62 (full 0):
 garbage-first heap   total 225280K, used 175010K [0x00000000a0000000, 0x0000000100000000)
  region size 1024K, 49 young (50176K), 2 survivors (2048K)
 Metaspace       used 107452K, capacity 110403K, committed 110640K, reserved 1144832K
  class space    used 13583K, capacity 14685K, committed 14720K, reserved 1048576K
}
Event: 24.090 GC heap after
{Heap after GC invocations=63 (full 0):
 garbage-first heap   total 270336K, used 134752K [0x00000000a0000000, 0x0000000100000000)
  region size 1024K, 7 young (7168K), 7 survivors (7168K)
 Metaspace       used 107452K, capacity 110403K, committed 110640K, reserved 1144832K
  class space    used 13583K, capacity 14685K, committed 14720K, reserved 1048576K
}
Event: 24.575 GC heap before
{Heap before GC invocations=64 (full 0):
 garbage-first heap   total 270336K, used 203360K [0x00000000a0000000, 0x0000000100000000)
  region size 1024K, 75 young (76800K), 7 survivors (7168K)
 Metaspace       used 109020K, capacity 112085K, committed 112432K, reserved 1146880K
  class space    used 13904K, capacity 15100K, committed 15232K, reserved 1048576K
}
Event: 24.598 GC heap after
{Heap after GC invocations=65 (full 0):
 garbage-first heap   total 270336K, used 147250K [0x00000000a0000000, 0x0000000100000000)
  region size 1024K, 10 young (10240K), 10 survivors (10240K)
 Metaspace       used 109020K, capacity 112085K, committed 112432K, reserved 1146880K
  class space    used 13904K, capacity 15100K, committed 15232K, reserved 1048576K
}
Event: 24.880 GC heap before
{Heap before GC invocations=65 (full 0):
 garbage-first heap   total 270336K, used 209714K [0x00000000a0000000, 0x0000000100000000)
  region size 1024K, 71 young (72704K), 10 survivors (10240K)
 Metaspace       used 111338K, capacity 114648K, committed 114992K, reserved 1148928K
  class space    used 14330K, capacity 15618K, committed 15744K, reserved 1048576K
}
Event: 24.900 GC heap after
{Heap after GC invocations=66 (full 0):
 garbage-first heap   total 270336K, used 157879K [0x00000000a0000000, 0x0000000100000000)
  region size 1024K, 9 young (9216K), 9 survivors (9216K)
 Metaspace       used 111338K, capacity 114648K, committed 114992K, reserved 1148928K
  class space    used 14330K, capacity 15618K, committed 15744K, reserved 1048576K
}
Event: 25.191 GC heap before
{Heap before GC invocations=66 (full 0):
 garbage-first heap   total 270336K, used 213175K [0x00000000a0000000, 0x0000000100000000)
  region size 1024K, 64 young (65536K), 9 survivors (9216K)
 Metaspace       used 112787K, capacity 116142K, committed 116400K, reserved 1150976K
  class space    used 14547K, capacity 15859K, committed 15872K, reserved 1048576K
}
Event: 25.204 GC heap after
{Heap after GC invocations=67 (full 0):
 garbage-first heap   total 270336K, used 164032K [0x00000000a0000000, 0x0000000100000000)
  region size 1024K, 7 young (7168K), 7 survivors (7168K)
 Metaspace       used 112787K, capacity 116142K, committed 116400K, reserved 1150976K
  class space    used 14547K, capacity 15859K, committed 15872K, reserved 1048576K
}
Event: 25.500 GC heap before
{Heap before GC invocations=67 (full 0):
 garbage-first heap   total 270336K, used 217280K [0x00000000a0000000, 0x0000000100000000)
  region size 1024K, 60 young (61440K), 7 survivors (7168K)
 Metaspace       used 113812K, capacity 117288K, committed 117424K, reserved 1150976K
  class space    used 14702K, capacity 16087K, committed 16128K, reserved 1048576K
}

