# JRE version: OpenJDK Runtime Environment (11.0.15) (build 11.0.15+0-b2043.56-8887301)
# Java VM: OpenJDK 64-Bit Server VM (11.0.15+0-b2043.56-8887301, mixed mode, tiered, compressed oops, g1 gc, windows-amd64)
Heap:
 garbage-first heap   total 270336K, used 154880K [0x00000000a0000000, 0x0000000100000000)
  region size 1024K, 34 young (34816K), 9 survivors (9216K)
 Metaspace       used 118079K, capacity 122114K, committed 122416K, reserved 1155072K
  class space    used 15534K, capacity 17187K, committed 17280K, reserved 1048576K
GC Heap History (20 events):
Event: 23.362 GC heap before
{Heap before GC invocations=50 (full 0):
 garbage-first heap   total 187392K, used 124704K [0x00000000a0000000, 0x0000000100000000)
  region size 1024K, 9 young (9216K), 4 survivors (4096K)
 Metaspace       used 98938K, capacity 101488K, committed 101808K, reserved 1138688K
  class space    used 12565K, capacity 13463K, committed 13568K, reserved 1048576K
}
Event: 23.369 GC heap after
{Heap after GC invocations=51 (full 0):
 garbage-first heap   total 187392K, used 114113K [0x00000000a0000000, 0x0000000100000000)
  region size 1024K, 1 young (1024K), 1 survivors (1024K)
 Metaspace       used 98938K, capacity 101488K, committed 101808K, reserved 1138688K
  class space    used 12565K, capacity 13463K, committed 13568K, reserved 1048576K
}
Event: 23.568 GC heap before
{Heap before GC invocations=51 (full 0):
 garbage-first heap   total 187392K, used 141761K [0x00000000a0000000, 0x0000000100000000)
  region size 1024K, 29 young (29696K), 1 survivors (1024K)
 Metaspace       used 99067K, capacity 101611K, committed 101808K, reserved 1138688K
  class space    used 12575K, capacity 13501K, committed 13568K, reserved 1048576K
}
Event: 23.575 GC heap after
{Heap after GC invocations=52 (full 0):
 garbage-first heap   total 225280K, used 116781K [0x00000000a0000000, 0x0000000100000000)
  region size 1024K, 4 young (4096K), 4 survivors (4096K)
 Metaspace       used 99067K, capacity 101611K, committed 101808K, reserved 1138688K
  class space    used 12575K, capacity 13501K, committed 13568K, reserved 1048576K
}
Event: 24.001 GC heap before
{Heap before GC invocations=53 (full 0):
 garbage-first heap   total 225280K, used 159789K [0x00000000a0000000, 0x0000000100000000)
  region size 1024K, 48 young (49152K), 4 survivors (4096K)
 Metaspace       used 100180K, capacity 102755K, committed 102960K, reserved 1138688K
  class space    used 12717K, capacity 13613K, committed 13696K, reserved 1048576K
}
Event: 24.007 GC heap after
{Heap after GC invocations=54 (full 0):
 garbage-first heap   total 225280K, used 118072K [0x00000000a0000000, 0x0000000100000000)
  region size 1024K, 4 young (4096K), 4 survivors (4096K)
 Metaspace       used 100180K, capacity 102755K, committed 102960K, reserved 1138688K
  class space    used 12717K, capacity 13613K, committed 13696K, reserved 1048576K
}
Event: 24.045 GC heap before
{Heap before GC invocations=54 (full 0):
 garbage-first heap   total 225280K, used 124216K [0x00000000a0000000, 0x0000000100000000)
  region size 1024K, 11 young (11264K), 4 survivors (4096K)
 Metaspace       used 100306K, capacity 102915K, committed 103216K, reserved 1138688K
  class space    used 12734K, capacity 13645K, committed 13696K, reserved 1048576K
}
Event: 24.050 GC heap after
{Heap after GC invocations=55 (full 0):
 garbage-first heap   total 225280K, used 114927K [0x00000000a0000000, 0x0000000100000000)
  region size 1024K, 1 young (1024K), 1 survivors (1024K)
 Metaspace       used 100306K, capacity 102915K, committed 103216K, reserved 1138688K
  class space    used 12734K, capacity 13645K, committed 13696K, reserved 1048576K
}
Event: 24.549 GC heap before
{Heap before GC invocations=55 (full 0):
 garbage-first heap   total 225280K, used 163055K [0x00000000a0000000, 0x0000000100000000)
  region size 1024K, 49 young (50176K), 1 survivors (1024K)
 Metaspace       used 102978K, capacity 105668K, committed 105904K, reserved 1140736K
  class space    used 13076K, capacity 14048K, committed 14080K, reserved 1048576K
}
Event: 24.560 GC heap after
{Heap after GC invocations=56 (full 0):
 garbage-first heap   total 225280K, used 118791K [0x00000000a0000000, 0x0000000100000000)
  region size 1024K, 5 young (5120K), 5 survivors (5120K)
 Metaspace       used 102978K, capacity 105668K, committed 105904K, reserved 1140736K
  class space    used 13076K, capacity 14048K, committed 14080K, reserved 1048576K
}
Event: 25.276 GC heap before
{Heap before GC invocations=57 (full 0):
 garbage-first heap   total 225280K, used 168967K [0x00000000a0000000, 0x0000000100000000)
  region size 1024K, 54 young (55296K), 5 survivors (5120K)
 Metaspace       used 108610K, capacity 111614K, committed 111792K, reserved 1146880K
  class space    used 13910K, capacity 14983K, committed 15104K, reserved 1048576K
}
Event: 25.289 GC heap after
{Heap after GC invocations=58 (full 0):
 garbage-first heap   total 225280K, used 123191K [0x00000000a0000000, 0x0000000100000000)
  region size 1024K, 5 young (5120K), 5 survivors (5120K)
 Metaspace       used 108610K, capacity 111614K, committed 111792K, reserved 1146880K
  class space    used 13910K, capacity 14983K, committed 15104K, reserved 1048576K
}
Event: 25.405 GC heap before
{Heap before GC invocations=58 (full 0):
 garbage-first heap   total 225280K, used 128311K [0x00000000a0000000, 0x0000000100000000)
  region size 1024K, 11 young (11264K), 5 survivors (5120K)
 Metaspace       used 109267K, capacity 112293K, committed 112560K, reserved 1146880K
  class space    used 13985K, capacity 15081K, committed 15104K, reserved 1048576K
}
Event: 25.418 GC heap after
{Heap after GC invocations=59 (full 0):
 garbage-first heap   total 225280K, used 122946K [0x00000000a0000000, 0x0000000100000000)
  region size 1024K, 2 young (2048K), 2 survivors (2048K)
 Metaspace       used 109267K, capacity 112293K, committed 112560K, reserved 1146880K
  class space    used 13985K, capacity 15081K, committed 15104K, reserved 1048576K
}
Event: 26.359 GC heap before
{Heap before GC invocations=59 (full 0):
 garbage-first heap   total 225280K, used 172098K [0x00000000a0000000, 0x0000000100000000)
  region size 1024K, 51 young (52224K), 2 survivors (2048K)
 Metaspace       used 114805K, capacity 118656K, committed 118832K, reserved 1150976K
  class space    used 15149K, capacity 16705K, committed 16768K, reserved 1048576K
}
Event: 26.367 GC heap after
{Heap after GC invocations=60 (full 0):
 garbage-first heap   total 270336K, used 125684K [0x00000000a0000000, 0x0000000100000000)
  region size 1024K, 4 young (4096K), 4 survivors (4096K)
 Metaspace       used 114805K, capacity 118656K, committed 118832K, reserved 1150976K
  class space    used 15149K, capacity 16705K, committed 16768K, reserved 1048576K
}
Event: 26.916 GC heap before
{Heap before GC invocations=60 (full 0):
 garbage-first heap   total 270336K, used 195316K [0x00000000a0000000, 0x0000000100000000)
  region size 1024K, 72 young (73728K), 4 survivors (4096K)
 Metaspace       used 116818K, capacity 120720K, committed 120880K, reserved 1153024K
  class space    used 15363K, capacity 16936K, committed 17024K, reserved 1048576K
}
Event: 26.923 GC heap after
{Heap after GC invocations=61 (full 0):
 garbage-first heap   total 270336K, used 126193K [0x00000000a0000000, 0x0000000100000000)
  region size 1024K, 5 young (5120K), 5 survivors (5120K)
 Metaspace       used 116818K, capacity 120720K, committed 120880K, reserved 1153024K
  class space    used 15363K, capacity 16936K, committed 17024K, reserved 1048576K
}
Event: 27.384 GC heap before
{Heap before GC invocations=61 (full 0):
 garbage-first heap   total 270336K, used 198897K [0x00000000a0000000, 0x0000000100000000)
  region size 1024K, 77 young (78848K), 5 survivors (5120K)
 Metaspace       used 117972K, capacity 122005K, committed 122032K, reserved 1155072K
  class space    used 15512K, capacity 17150K, committed 17152K, reserved 1048576K
}
Event: 27.392 GC heap after
{Heap after GC invocations=62 (full 0):
 garbage-first heap   total 270336K, used 130304K [0x00000000a0000000, 0x0000000100000000)
  region size 1024K, 9 young (9216K), 9 survivors (9216K)
 Metaspace       used 117972K, capacity 122005K, committed 122032K, reserved 1155072K
  class space    used 15512K, capacity 17150K, committed 17152K, reserved 1048576K
}

