# JRE version: OpenJDK Runtime Environment (11.0.15) (build 11.0.15+0-b2043.56-8887301)
# Java VM: OpenJDK 64-Bit Server VM (11.0.15+0-b2043.56-8887301, mixed mode, tiered, compressed oops, g1 gc, windows-amd64)
Heap:
 garbage-first heap   total 407552K, used 152581K [0x00000000a0000000, 0x0000000100000000)
  region size 1024K, 5 young (5120K), 5 survivors (5120K)
 Metaspace       used 112889K, capacity 116868K, committed 117168K, reserved 1150976K
  class space    used 14735K, capacity 16302K, committed 16384K, reserved 1048576K
GC Heap History (20 events):
Event: 28.446 GC heap after
{Heap after GC invocations=64 (full 0):
 garbage-first heap   total 225280K, used 132266K [0x00000000a0000000, 0x0000000100000000)
  region size 1024K, 3 young (3072K), 3 survivors (3072K)
 Metaspace       used 112260K, capacity 116292K, committed 116400K, reserved 1148928K
  class space    used 14728K, capacity 16291K, committed 16384K, reserved 1048576K
}
Event: 28.716 GC heap before
{Heap before GC invocations=64 (full 0):
 garbage-first heap   total 225280K, used 190634K [0x00000000a0000000, 0x0000000100000000)
  region size 1024K, 61 young (62464K), 3 survivors (3072K)
 Metaspace       used 112395K, capacity 116378K, committed 116656K, reserved 1148928K
  class space    used 14728K, capacity 16291K, committed 16384K, reserved 1048576K
}
Event: 28.727 GC heap after
{Heap after GC invocations=65 (full 0):
 garbage-first heap   total 225280K, used 140627K [0x00000000a0000000, 0x0000000100000000)
  region size 1024K, 8 young (8192K), 8 survivors (8192K)
 Metaspace       used 112395K, capacity 116378K, committed 116656K, reserved 1148928K
  class space    used 14728K, capacity 16291K, committed 16384K, reserved 1048576K
}
Event: 29.055 GC heap before
{Heap before GC invocations=65 (full 0):
 garbage-first heap   total 225280K, used 189779K [0x00000000a0000000, 0x0000000100000000)
  region size 1024K, 56 young (57344K), 8 survivors (8192K)
 Metaspace       used 112473K, capacity 116448K, committed 116656K, reserved 1148928K
  class space    used 14728K, capacity 16291K, committed 16384K, reserved 1048576K
}
Event: 29.064 GC heap after
{Heap after GC invocations=66 (full 0):
 garbage-first heap   total 225280K, used 139978K [0x00000000a0000000, 0x0000000100000000)
  region size 1024K, 2 young (2048K), 2 survivors (2048K)
 Metaspace       used 112473K, capacity 116448K, committed 116656K, reserved 1148928K
  class space    used 14728K, capacity 16291K, committed 16384K, reserved 1048576K
}
Event: 29.277 GC heap before
{Heap before GC invocations=66 (full 0):
 garbage-first heap   total 225280K, used 189130K [0x00000000a0000000, 0x0000000100000000)
  region size 1024K, 50 young (51200K), 2 survivors (2048K)
 Metaspace       used 112503K, capacity 116513K, committed 116656K, reserved 1148928K
  class space    used 14728K, capacity 16291K, committed 16384K, reserved 1048576K
}
Event: 29.283 GC heap after
{Heap after GC invocations=67 (full 0):
 garbage-first heap   total 270336K, used 141567K [0x00000000a0000000, 0x0000000100000000)
  region size 1024K, 3 young (3072K), 3 survivors (3072K)
 Metaspace       used 112503K, capacity 116513K, committed 116656K, reserved 1148928K
  class space    used 14728K, capacity 16291K, committed 16384K, reserved 1048576K
}
Event: 29.568 GC heap before
{Heap before GC invocations=67 (full 0):
 garbage-first heap   total 270336K, used 209151K [0x00000000a0000000, 0x0000000100000000)
  region size 1024K, 70 young (71680K), 3 survivors (3072K)
 Metaspace       used 112560K, capacity 116521K, committed 116656K, reserved 1148928K
  class space    used 14728K, capacity 16292K, committed 16384K, reserved 1048576K
}
Event: 29.575 GC heap after
{Heap after GC invocations=68 (full 0):
 garbage-first heap   total 270336K, used 144775K [0x00000000a0000000, 0x0000000100000000)
  region size 1024K, 7 young (7168K), 7 survivors (7168K)
 Metaspace       used 112560K, capacity 116521K, committed 116656K, reserved 1148928K
  class space    used 14728K, capacity 16292K, committed 16384K, reserved 1048576K
}
Event: 30.047 GC heap before
{Heap before GC invocations=68 (full 0):
 garbage-first heap   total 270336K, used 212359K [0x00000000a0000000, 0x0000000100000000)
  region size 1024K, 74 young (75776K), 7 survivors (7168K)
 Metaspace       used 112662K, capacity 116633K, committed 116912K, reserved 1150976K
  class space    used 14733K, capacity 16301K, committed 16384K, reserved 1048576K
}
Event: 30.057 GC heap after
{Heap after GC invocations=69 (full 0):
 garbage-first heap   total 270336K, used 148268K [0x00000000a0000000, 0x0000000100000000)
  region size 1024K, 8 young (8192K), 8 survivors (8192K)
 Metaspace       used 112662K, capacity 116633K, committed 116912K, reserved 1150976K
  class space    used 14733K, capacity 16301K, committed 16384K, reserved 1048576K
}
Event: 30.402 GC heap before
{Heap before GC invocations=69 (full 0):
 garbage-first heap   total 270336K, used 216876K [0x00000000a0000000, 0x0000000100000000)
  region size 1024K, 75 young (76800K), 8 survivors (8192K)
 Metaspace       used 112697K, capacity 116699K, committed 116912K, reserved 1150976K
  class space    used 14734K, capacity 16301K, committed 16384K, reserved 1048576K
}
Event: 30.416 GC heap after
{Heap after GC invocations=70 (full 0):
 garbage-first heap   total 270336K, used 151551K [0x00000000a0000000, 0x0000000100000000)
  region size 1024K, 7 young (7168K), 7 survivors (7168K)
 Metaspace       used 112697K, capacity 116699K, committed 116912K, reserved 1150976K
  class space    used 14734K, capacity 16301K, committed 16384K, reserved 1048576K
}
Event: 30.847 GC heap before
{Heap before GC invocations=70 (full 0):
 garbage-first heap   total 270336K, used 221183K [0x00000000a0000000, 0x0000000100000000)
  region size 1024K, 75 young (76800K), 7 survivors (7168K)
 Metaspace       used 112719K, capacity 116704K, committed 116912K, reserved 1150976K
  class space    used 14735K, capacity 16302K, committed 16384K, reserved 1048576K
}
Event: 30.863 GC heap after
{Heap after GC invocations=71 (full 0):
 garbage-first heap   total 270336K, used 152322K [0x00000000a0000000, 0x0000000100000000)
  region size 1024K, 5 young (5120K), 5 survivors (5120K)
 Metaspace       used 112719K, capacity 116704K, committed 116912K, reserved 1150976K
  class space    used 14735K, capacity 16302K, committed 16384K, reserved 1048576K
}
Event: 31.383 GC heap before
{Heap before GC invocations=71 (full 0):
 garbage-first heap   total 270336K, used 222978K [0x00000000a0000000, 0x0000000100000000)
  region size 1024K, 74 young (75776K), 5 survivors (5120K)
 Metaspace       used 112741K, capacity 116705K, committed 116912K, reserved 1150976K
  class space    used 14735K, capacity 16302K, committed 16384K, reserved 1048576K
}
Event: 31.389 GC heap after
{Heap after GC invocations=72 (full 0):
 garbage-first heap   total 270336K, used 151991K [0x00000000a0000000, 0x0000000100000000)
  region size 1024K, 4 young (4096K), 4 survivors (4096K)
 Metaspace       used 112741K, capacity 116705K, committed 116912K, reserved 1150976K
  class space    used 14735K, capacity 16302K, committed 16384K, reserved 1048576K
}
Event: 31.949 GC heap before
{Heap before GC invocations=72 (full 0):
 garbage-first heap   total 270336K, used 224695K [0x00000000a0000000, 0x0000000100000000)
  region size 1024K, 75 young (76800K), 4 survivors (4096K)
 Metaspace       used 112767K, capacity 116769K, committed 116912K, reserved 1150976K
  class space    used 14735K, capacity 16302K, committed 16384K, reserved 1048576K
}
Event: 32.013 GC heap after
{Heap after GC invocations=73 (full 0):
 garbage-first heap   total 270336K, used 152186K [0x00000000a0000000, 0x0000000100000000)
  region size 1024K, 5 young (5120K), 5 survivors (5120K)
 Metaspace       used 112767K, capacity 116769K, committed 116912K, reserved 1150976K
  class space    used 14735K, capacity 16302K, committed 16384K, reserved 1048576K
}
Event: 32.598 GC heap before
{Heap before GC invocations=73 (full 0):
 garbage-first heap   total 270336K, used 225914K [0x00000000a0000000, 0x0000000100000000)
  region size 1024K, 77 young (78848K), 5 survivors (5120K)
 Metaspace       used 112889K, capacity 116868K, committed 117168K, reserved 1150976K
  class space    used 14735K, capacity 16302K, committed 16384K, reserved 1048576K
}

