# JRE version: OpenJDK Runtime Environment (11.0.15) (build 11.0.15+0-b2043.56-8887301)
# Java VM: OpenJDK 64-Bit Server VM (11.0.15+0-b2043.56-8887301, mixed mode, tiered, compressed oops, g1 gc, windows-amd64)
Heap:
 garbage-first heap   total 547840K, used 236570K [0x00000000a0000000, 0x0000000100000000)
  region size 1024K, 2 young (2048K), 2 survivors (2048K)
 Metaspace       used 135412K, capacity 139452K, committed 141136K, reserved 1171456K
  class space    used 16969K, capacity 18480K, committed 18944K, reserved 1048576K
GC Heap History (20 events):
Event: 5296.446 GC heap after
{Heap after GC invocations=207 (full 0):
 garbage-first heap   total 362496K, used 312879K [0x00000000a0000000, 0x0000000100000000)
  region size 1024K, 2 young (2048K), 2 survivors (2048K)
 Metaspace       used 126303K, capacity 130029K, committed 130128K, reserved 1163264K
  class space    used 15526K, capacity 16825K, committed 16896K, reserved 1048576K
}
Event: 5296.739 GC heap before
{Heap before GC invocations=207 (full 0):
 garbage-first heap   total 362496K, used 327215K [0x00000000a0000000, 0x0000000100000000)
  region size 1024K, 17 young (17408K), 2 survivors (2048K)
 Metaspace       used 126688K, capacity 130372K, committed 130384K, reserved 1163264K
  class space    used 15592K, capacity 16895K, committed 16896K, reserved 1048576K
}
Event: 5296.743 GC heap after
{Heap after GC invocations=208 (full 0):
 garbage-first heap   total 362496K, used 313821K [0x00000000a0000000, 0x0000000100000000)
  region size 1024K, 3 young (3072K), 3 survivors (3072K)
 Metaspace       used 126688K, capacity 130372K, committed 130384K, reserved 1163264K
  class space    used 15592K, capacity 16895K, committed 16896K, reserved 1048576K
}
Event: 5296.953 GC heap before
{Heap before GC invocations=208 (full 0):
 garbage-first heap   total 362496K, used 328157K [0x00000000a0000000, 0x0000000100000000)
  region size 1024K, 17 young (17408K), 3 survivors (3072K)
 Metaspace       used 128060K, capacity 131905K, committed 132048K, reserved 1165312K
  class space    used 15809K, capacity 17164K, committed 17280K, reserved 1048576K
}
Event: 5296.959 GC heap after
{Heap after GC invocations=209 (full 0):
 garbage-first heap   total 362496K, used 315767K [0x00000000a0000000, 0x0000000100000000)
  region size 1024K, 3 young (3072K), 3 survivors (3072K)
 Metaspace       used 128060K, capacity 131905K, committed 132048K, reserved 1165312K
  class space    used 15809K, capacity 17164K, committed 17280K, reserved 1048576K
}
Event: 5297.222 GC heap before
{Heap before GC invocations=209 (full 0):
 garbage-first heap   total 362496K, used 330103K [0x00000000a0000000, 0x0000000100000000)
  region size 1024K, 17 young (17408K), 3 survivors (3072K)
 Metaspace       used 130050K, capacity 134136K, committed 134224K, reserved 1165312K
  class space    used 16146K, capacity 17616K, committed 17664K, reserved 1048576K
}
Event: 5297.231 GC heap after
{Heap after GC invocations=210 (full 0):
 garbage-first heap   total 362496K, used 317255K [0x00000000a0000000, 0x0000000100000000)
  region size 1024K, 2 young (2048K), 2 survivors (2048K)
 Metaspace       used 130050K, capacity 134136K, committed 134224K, reserved 1165312K
  class space    used 16146K, capacity 17616K, committed 17664K, reserved 1048576K
}
Event: 5297.640 GC heap before
{Heap before GC invocations=210 (full 0):
 garbage-first heap   total 362496K, used 331591K [0x00000000a0000000, 0x0000000100000000)
  region size 1024K, 17 young (17408K), 2 survivors (2048K)
 Metaspace       used 132444K, capacity 136894K, committed 137168K, reserved 1169408K
  class space    used 16641K, capacity 18248K, committed 18304K, reserved 1048576K
}
Event: 5297.645 GC heap after
{Heap after GC invocations=211 (full 0):
 garbage-first heap   total 362496K, used 318387K [0x00000000a0000000, 0x0000000100000000)
  region size 1024K, 2 young (2048K), 2 survivors (2048K)
 Metaspace       used 132444K, capacity 136894K, committed 137168K, reserved 1169408K
  class space    used 16641K, capacity 18248K, committed 18304K, reserved 1048576K
}
Event: 5297.840 GC heap before
{Heap before GC invocations=211 (full 0):
 garbage-first heap   total 362496K, used 333747K [0x00000000a0000000, 0x0000000100000000)
  region size 1024K, 17 young (17408K), 2 survivors (2048K)
 Metaspace       used 134157K, capacity 138690K, committed 138832K, reserved 1169408K
  class space    used 16944K, capacity 18613K, committed 18688K, reserved 1048576K
}
Event: 5297.854 GC heap after
{Heap after GC invocations=212 (full 0):
 garbage-first heap   total 362496K, used 318609K [0x00000000a0000000, 0x0000000100000000)
  region size 1024K, 2 young (2048K), 2 survivors (2048K)
 Metaspace       used 134157K, capacity 138690K, committed 138832K, reserved 1169408K
  class space    used 16944K, capacity 18613K, committed 18688K, reserved 1048576K
}
Event: 5298.052 GC heap before
{Heap before GC invocations=212 (full 0):
 garbage-first heap   total 362496K, used 332945K [0x00000000a0000000, 0x0000000100000000)
  region size 1024K, 17 young (17408K), 2 survivors (2048K)
 Metaspace       used 135087K, capacity 139621K, committed 139728K, reserved 1171456K
  class space    used 17095K, capacity 18769K, committed 18816K, reserved 1048576K
}
Event: 5298.058 GC heap after
{Heap after GC invocations=213 (full 0):
 garbage-first heap   total 362496K, used 318916K [0x00000000a0000000, 0x0000000100000000)
  region size 1024K, 2 young (2048K), 2 survivors (2048K)
 Metaspace       used 135087K, capacity 139621K, committed 139728K, reserved 1171456K
  class space    used 17095K, capacity 18769K, committed 18816K, reserved 1048576K
}
Event: 5298.398 GC heap before
{Heap before GC invocations=213 (full 0):
 garbage-first heap   total 362496K, used 303556K [0x00000000a0000000, 0x0000000100000000)
  region size 1024K, 17 young (17408K), 2 survivors (2048K)
 Metaspace       used 134588K, capacity 138406K, committed 140624K, reserved 1171456K
  class space    used 16842K, capacity 18281K, committed 18944K, reserved 1048576K
}
Event: 5298.406 GC heap after
{Heap after GC invocations=214 (full 0):
 garbage-first heap   total 362496K, used 289308K [0x00000000a0000000, 0x0000000100000000)
  region size 1024K, 2 young (2048K), 2 survivors (2048K)
 Metaspace       used 134588K, capacity 138406K, committed 140624K, reserved 1171456K
  class space    used 16842K, capacity 18281K, committed 18944K, reserved 1048576K
}
Event: 5298.629 GC heap before
{Heap before GC invocations=215 (full 0):
 garbage-first heap   total 362496K, used 310812K [0x00000000a0000000, 0x0000000100000000)
  region size 1024K, 24 young (24576K), 2 survivors (2048K)
 Metaspace       used 135325K, capacity 139387K, committed 140880K, reserved 1171456K
  class space    used 16965K, capacity 18480K, committed 18944K, reserved 1048576K
}
Event: 5298.677 GC heap after
{Heap after GC invocations=216 (full 0):
 garbage-first heap   total 362496K, used 290836K [0x00000000a0000000, 0x0000000100000000)
  region size 1024K, 3 young (3072K), 3 survivors (3072K)
 Metaspace       used 135325K, capacity 139387K, committed 140880K, reserved 1171456K
  class space    used 16965K, capacity 18480K, committed 18944K, reserved 1048576K
}
Event: 5298.765 GC heap before
{Heap before GC invocations=216 (full 0):
 garbage-first heap   total 362496K, used 304148K [0x00000000a0000000, 0x0000000100000000)
  region size 1024K, 17 young (17408K), 3 survivors (3072K)
 Metaspace       used 135383K, capacity 139451K, committed 141136K, reserved 1171456K
  class space    used 16968K, capacity 18480K, committed 18944K, reserved 1048576K
}
Event: 5298.786 GC heap after
{Heap after GC invocations=217 (full 0):
 garbage-first heap   total 362496K, used 256728K [0x00000000a0000000, 0x0000000100000000)
  region size 1024K, 2 young (2048K), 2 survivors (2048K)
 Metaspace       used 135383K, capacity 139451K, committed 141136K, reserved 1171456K
  class space    used 16968K, capacity 18480K, committed 18944K, reserved 1048576K
}
Event: 5298.845 GC heap before
{Heap before GC invocations=217 (full 0):
 garbage-first heap   total 362496K, used 272088K [0x00000000a0000000, 0x0000000100000000)
  region size 1024K, 17 young (17408K), 2 survivors (2048K)
 Metaspace       used 135412K, capacity 139452K, committed 141136K, reserved 1171456K
  class space    used 16969K, capacity 18480K, committed 18944K, reserved 1048576K
}

