# JRE version: OpenJDK Runtime Environment (11.0.15) (build 11.0.15+0-b2043.56-8887301)
# Java VM: OpenJDK 64-Bit Server VM (11.0.15+0-b2043.56-8887301, mixed mode, tiered, compressed oops, g1 gc, windows-amd64)
Heap:
 garbage-first heap   total 463872K, used 165716K [0x00000000a0000000, 0x0000000100000000)
  region size 1024K, 5 young (5120K), 5 survivors (5120K)
 Metaspace       used 114817K, capacity 118015K, committed 118728K, reserved 1150976K
  class space    used 14863K, capacity 16112K, committed 16408K, reserved 1048576K
GC Heap History (20 events):
Event: 21.794 GC heap after
{Heap after GC invocations=48 (full 0):
 garbage-first heap   total 225280K, used 111067K [0x00000000a0000000, 0x0000000100000000)
  region size 1024K, 1 young (1024K), 1 survivors (1024K)
 Metaspace       used 98980K, capacity 101554K, committed 101832K, reserved 1138688K
  class space    used 12563K, capacity 13468K, committed 13592K, reserved 1048576K
}
Event: 22.218 GC heap before
{Heap before GC invocations=48 (full 0):
 garbage-first heap   total 225280K, used 158171K [0x00000000a0000000, 0x0000000100000000)
  region size 1024K, 48 young (49152K), 1 survivors (1024K)
 Metaspace       used 99876K, capacity 102459K, committed 102728K, reserved 1138688K
  class space    used 12666K, capacity 13581K, committed 13720K, reserved 1048576K
}
Event: 22.228 GC heap after
{Heap after GC invocations=49 (full 0):
 garbage-first heap   total 225280K, used 114400K [0x00000000a0000000, 0x0000000100000000)
  region size 1024K, 5 young (5120K), 5 survivors (5120K)
 Metaspace       used 99876K, capacity 102459K, committed 102728K, reserved 1138688K
  class space    used 12666K, capacity 13581K, committed 13720K, reserved 1048576K
}
Event: 22.829 GC heap before
{Heap before GC invocations=50 (full 0):
 garbage-first heap   total 225280K, used 163552K [0x00000000a0000000, 0x0000000100000000)
  region size 1024K, 54 young (55296K), 5 survivors (5120K)
 Metaspace       used 100876K, capacity 103516K, committed 103624K, reserved 1138688K
  class space    used 12817K, capacity 13760K, committed 13848K, reserved 1048576K
}
Event: 22.838 GC heap after
{Heap after GC invocations=51 (full 0):
 garbage-first heap   total 225280K, used 116913K [0x00000000a0000000, 0x0000000100000000)
  region size 1024K, 4 young (4096K), 4 survivors (4096K)
 Metaspace       used 100876K, capacity 103516K, committed 103624K, reserved 1138688K
  class space    used 12817K, capacity 13760K, committed 13848K, reserved 1048576K
}
Event: 22.889 GC heap before
{Heap before GC invocations=51 (full 0):
 garbage-first heap   total 225280K, used 123057K [0x00000000a0000000, 0x0000000100000000)
  region size 1024K, 11 young (11264K), 4 survivors (4096K)
 Metaspace       used 101278K, capacity 103973K, committed 104264K, reserved 1140736K
  class space    used 12870K, capacity 13827K, committed 13976K, reserved 1048576K
}
Event: 22.896 GC heap after
{Heap after GC invocations=52 (full 0):
 garbage-first heap   total 225280K, used 117009K [0x00000000a0000000, 0x0000000100000000)
  region size 1024K, 2 young (2048K), 2 survivors (2048K)
 Metaspace       used 101278K, capacity 103973K, committed 104264K, reserved 1140736K
  class space    used 12870K, capacity 13827K, committed 13976K, reserved 1048576K
}
Event: 23.019 GC heap before
{Heap before GC invocations=52 (full 0):
 garbage-first heap   total 225280K, used 139537K [0x00000000a0000000, 0x0000000100000000)
  region size 1024K, 26 young (26624K), 2 survivors (2048K)
 Metaspace       used 102443K, capacity 105145K, committed 105416K, reserved 1140736K
  class space    used 13017K, capacity 13982K, committed 14104K, reserved 1048576K
}
Event: 23.024 GC heap after
{Heap after GC invocations=53 (full 0):
 garbage-first heap   total 225280K, used 121500K [0x00000000a0000000, 0x0000000100000000)
  region size 1024K, 6 young (6144K), 6 survivors (6144K)
 Metaspace       used 102443K, capacity 105145K, committed 105416K, reserved 1140736K
  class space    used 13017K, capacity 13982K, committed 14104K, reserved 1048576K
}
Event: 23.542 GC heap before
{Heap before GC invocations=54 (full 0):
 garbage-first heap   total 225280K, used 173724K [0x00000000a0000000, 0x0000000100000000)
  region size 1024K, 56 young (57344K), 6 survivors (6144K)
 Metaspace       used 106419K, capacity 109223K, committed 109256K, reserved 1144832K
  class space    used 13573K, capacity 14592K, committed 14616K, reserved 1048576K
}
Event: 23.550 GC heap after
{Heap after GC invocations=55 (full 0):
 garbage-first heap   total 225280K, used 126693K [0x00000000a0000000, 0x0000000100000000)
  region size 1024K, 7 young (7168K), 7 survivors (7168K)
 Metaspace       used 106419K, capacity 109223K, committed 109256K, reserved 1144832K
  class space    used 13573K, capacity 14592K, committed 14616K, reserved 1048576K
}
Event: 23.845 GC heap before
{Heap before GC invocations=55 (full 0):
 garbage-first heap   total 225280K, used 174821K [0x00000000a0000000, 0x0000000100000000)
  region size 1024K, 55 young (56320K), 7 survivors (7168K)
 Metaspace       used 108594K, capacity 111489K, committed 111688K, reserved 1146880K
  class space    used 13887K, capacity 14942K, committed 15000K, reserved 1048576K
}
Event: 23.876 GC heap after
{Heap after GC invocations=56 (full 0):
 garbage-first heap   total 270336K, used 133471K [0x00000000a0000000, 0x0000000100000000)
  region size 1024K, 7 young (7168K), 7 survivors (7168K)
 Metaspace       used 108594K, capacity 111489K, committed 111688K, reserved 1146880K
  class space    used 13887K, capacity 14942K, committed 15000K, reserved 1048576K
}
Event: 24.553 GC heap before
{Heap before GC invocations=57 (full 0):
 garbage-first heap   total 270336K, used 201055K [0x00000000a0000000, 0x0000000100000000)
  region size 1024K, 73 young (74752K), 7 survivors (7168K)
 Metaspace       used 110512K, capacity 113669K, committed 113992K, reserved 1148928K
  class space    used 14201K, capacity 15396K, committed 15512K, reserved 1048576K
}
Event: 24.578 GC heap after
{Heap after GC invocations=58 (full 0):
 garbage-first heap   total 270336K, used 145514K [0x00000000a0000000, 0x0000000100000000)
  region size 1024K, 10 young (10240K), 10 survivors (10240K)
 Metaspace       used 110512K, capacity 113669K, committed 113992K, reserved 1148928K
  class space    used 14201K, capacity 15396K, committed 15512K, reserved 1048576K
}
Event: 25.007 GC heap before
{Heap before GC invocations=58 (full 0):
 garbage-first heap   total 270336K, used 205930K [0x00000000a0000000, 0x0000000100000000)
  region size 1024K, 70 young (71680K), 10 survivors (10240K)
 Metaspace       used 113703K, capacity 117088K, committed 117192K, reserved 1150976K
  class space    used 14779K, capacity 16088K, committed 16152K, reserved 1048576K
}
Event: 25.051 GC heap after
{Heap after GC invocations=59 (full 0):
 garbage-first heap   total 270336K, used 155551K [0x00000000a0000000, 0x0000000100000000)
  region size 1024K, 9 young (9216K), 9 survivors (9216K)
 Metaspace       used 113703K, capacity 117088K, committed 117192K, reserved 1150976K
  class space    used 14779K, capacity 16088K, committed 16152K, reserved 1048576K
}
Event: 25.614 GC heap before
{Heap before GC invocations=60 (full 0):
 garbage-first heap   total 270336K, used 212895K [0x00000000a0000000, 0x0000000100000000)
  region size 1024K, 66 young (67584K), 9 survivors (9216K)
 Metaspace       used 114277K, capacity 117478K, committed 118088K, reserved 1150976K
  class space    used 14814K, capacity 16045K, committed 16280K, reserved 1048576K
}
Event: 25.637 GC heap after
{Heap after GC invocations=61 (full 0):
 garbage-first heap   total 270336K, used 161206K [0x00000000a0000000, 0x0000000100000000)
  region size 1024K, 6 young (6144K), 6 survivors (6144K)
 Metaspace       used 114277K, capacity 117478K, committed 118088K, reserved 1150976K
  class space    used 14814K, capacity 16045K, committed 16280K, reserved 1048576K
}
Event: 25.932 GC heap before
{Heap before GC invocations=61 (full 0):
 garbage-first heap   total 270336K, used 216502K [0x00000000a0000000, 0x0000000100000000)
  region size 1024K, 61 young (62464K), 6 survivors (6144K)
 Metaspace       used 114817K, capacity 118015K, committed 118728K, reserved 1150976K
  class space    used 14863K, capacity 16112K, committed 16408K, reserved 1048576K
}

