# JRE version: OpenJDK Runtime Environment (11.0.15) (build 11.0.15+0-b2043.56-8887301)
# Java VM: OpenJDK 64-Bit Server VM (11.0.15+0-b2043.56-8887301, mixed mode, tiered, compressed oops, g1 gc, windows-amd64)
Heap:
 garbage-first heap   total 393216K, used 166593K [0x00000000a0000000, 0x0000000100000000)
  region size 1024K, 7 young (7168K), 7 survivors (7168K)
 Metaspace       used 111299K, capacity 114583K, committed 114608K, reserved 1148928K
  class space    used 14351K, capacity 15602K, committed 15616K, reserved 1048576K
GC Heap History (20 events):
Event: 25.796 GC heap after
{Heap after GC invocations=50 (full 0):
 garbage-first heap   total 187392K, used 113446K [0x00000000a0000000, 0x0000000100000000)
  region size 1024K, 3 young (3072K), 3 survivors (3072K)
 Metaspace       used 100034K, capacity 102612K, committed 102704K, reserved 1138688K
  class space    used 12693K, capacity 13611K, committed 13696K, reserved 1048576K
}
Event: 26.184 GC heap before
{Heap before GC invocations=51 (full 0):
 garbage-first heap   total 187392K, used 145190K [0x00000000a0000000, 0x0000000100000000)
  region size 1024K, 35 young (35840K), 3 survivors (3072K)
 Metaspace       used 101139K, capacity 103703K, committed 103856K, reserved 1138688K
  class space    used 12840K, capacity 13739K, committed 13824K, reserved 1048576K
}
Event: 26.192 GC heap after
{Heap after GC invocations=52 (full 0):
 garbage-first heap   total 187392K, used 115316K [0x00000000a0000000, 0x0000000100000000)
  region size 1024K, 5 young (5120K), 5 survivors (5120K)
 Metaspace       used 101139K, capacity 103703K, committed 103856K, reserved 1138688K
  class space    used 12840K, capacity 13739K, committed 13824K, reserved 1048576K
}
Event: 26.221 GC heap before
{Heap before GC invocations=52 (full 0):
 garbage-first heap   total 187392K, used 118388K [0x00000000a0000000, 0x0000000100000000)
  region size 1024K, 9 young (9216K), 5 survivors (5120K)
 Metaspace       used 101262K, capacity 103863K, committed 104112K, reserved 1140736K
  class space    used 12854K, capacity 13771K, committed 13824K, reserved 1048576K
}
Event: 26.233 GC heap after
{Heap after GC invocations=53 (full 0):
 garbage-first heap   total 225280K, used 113538K [0x00000000a0000000, 0x0000000100000000)
  region size 1024K, 1 young (1024K), 1 survivors (1024K)
 Metaspace       used 101262K, capacity 103863K, committed 104112K, reserved 1140736K
  class space    used 12854K, capacity 13771K, committed 13824K, reserved 1048576K
}
Event: 26.743 GC heap before
{Heap before GC invocations=53 (full 0):
 garbage-first heap   total 225280K, used 160642K [0x00000000a0000000, 0x0000000100000000)
  region size 1024K, 48 young (49152K), 1 survivors (1024K)
 Metaspace       used 103305K, capacity 105984K, committed 106288K, reserved 1140736K
  class space    used 13115K, capacity 14092K, committed 14208K, reserved 1048576K
}
Event: 26.754 GC heap after
{Heap after GC invocations=54 (full 0):
 garbage-first heap   total 225280K, used 117356K [0x00000000a0000000, 0x0000000100000000)
  region size 1024K, 5 young (5120K), 5 survivors (5120K)
 Metaspace       used 103305K, capacity 105984K, committed 106288K, reserved 1140736K
  class space    used 13115K, capacity 14092K, committed 14208K, reserved 1048576K
}
Event: 26.953 GC heap before
{Heap before GC invocations=54 (full 0):
 garbage-first heap   total 225280K, used 167532K [0x00000000a0000000, 0x0000000100000000)
  region size 1024K, 54 young (55296K), 5 survivors (5120K)
 Metaspace       used 104234K, capacity 106912K, committed 107056K, reserved 1142784K
  class space    used 13242K, capacity 14208K, committed 14208K, reserved 1048576K
}
Event: 26.960 GC heap after
{Heap after GC invocations=55 (full 0):
 garbage-first heap   total 225280K, used 129144K [0x00000000a0000000, 0x0000000100000000)
  region size 1024K, 7 young (7168K), 7 survivors (7168K)
 Metaspace       used 104234K, capacity 106912K, committed 107056K, reserved 1142784K
  class space    used 13242K, capacity 14208K, committed 14208K, reserved 1048576K
}
Event: 27.638 GC heap before
{Heap before GC invocations=56 (full 0):
 garbage-first heap   total 225280K, used 172152K [0x00000000a0000000, 0x0000000100000000)
  region size 1024K, 50 young (51200K), 7 survivors (7168K)
 Metaspace       used 107824K, capacity 110709K, committed 110768K, reserved 1144832K
  class space    used 13747K, capacity 14791K, committed 14848K, reserved 1048576K
}
Event: 27.649 GC heap after
{Heap after GC invocations=57 (full 0):
 garbage-first heap   total 225280K, used 135293K [0x00000000a0000000, 0x0000000100000000)
  region size 1024K, 7 young (7168K), 7 survivors (7168K)
 Metaspace       used 107824K, capacity 110709K, committed 110768K, reserved 1144832K
  class space    used 13747K, capacity 14791K, committed 14848K, reserved 1048576K
}
Event: 27.673 GC heap before
{Heap before GC invocations=57 (full 0):
 garbage-first heap   total 225280K, used 139389K [0x00000000a0000000, 0x0000000100000000)
  region size 1024K, 11 young (11264K), 7 survivors (7168K)
 Metaspace       used 107900K, capacity 110779K, committed 111024K, reserved 1144832K
  class space    used 13758K, capacity 14793K, committed 14848K, reserved 1048576K
}
Event: 27.684 GC heap after
{Heap after GC invocations=58 (full 0):
 garbage-first heap   total 270336K, used 135355K [0x00000000a0000000, 0x0000000100000000)
  region size 1024K, 2 young (2048K), 2 survivors (2048K)
 Metaspace       used 107900K, capacity 110779K, committed 111024K, reserved 1144832K
  class space    used 13758K, capacity 14793K, committed 14848K, reserved 1048576K
}
Event: 28.059 GC heap before
{Heap before GC invocations=58 (full 0):
 garbage-first heap   total 270336K, used 197819K [0x00000000a0000000, 0x0000000100000000)
  region size 1024K, 63 young (64512K), 2 survivors (2048K)
 Metaspace       used 109415K, capacity 112402K, committed 112560K, reserved 1146880K
  class space    used 13981K, capacity 15078K, committed 15104K, reserved 1048576K
}
Event: 28.085 GC heap after
{Heap after GC invocations=59 (full 0):
 garbage-first heap   total 270336K, used 146341K [0x00000000a0000000, 0x0000000100000000)
  region size 1024K, 8 young (8192K), 8 survivors (8192K)
 Metaspace       used 109415K, capacity 112402K, committed 112560K, reserved 1146880K
  class space    used 13981K, capacity 15078K, committed 15104K, reserved 1048576K
}
Event: 28.607 GC heap before
{Heap before GC invocations=60 (full 0):
 garbage-first heap   total 270336K, used 204709K [0x00000000a0000000, 0x0000000100000000)
  region size 1024K, 65 young (66560K), 8 survivors (8192K)
 Metaspace       used 110281K, capacity 113249K, committed 113456K, reserved 1146880K
  class space    used 14078K, capacity 15159K, committed 15232K, reserved 1048576K
}
Event: 28.639 GC heap after
{Heap after GC invocations=61 (full 0):
 garbage-first heap   total 270336K, used 157322K [0x00000000a0000000, 0x0000000100000000)
  region size 1024K, 9 young (9216K), 9 survivors (9216K)
 Metaspace       used 110281K, capacity 113249K, committed 113456K, reserved 1146880K
  class space    used 14078K, capacity 15159K, committed 15232K, reserved 1048576K
}
Event: 28.744 GC heap before
{Heap before GC invocations=61 (full 0):
 garbage-first heap   total 270336K, used 160394K [0x00000000a0000000, 0x0000000100000000)
  region size 1024K, 13 young (13312K), 9 survivors (9216K)
 Metaspace       used 110886K, capacity 114101K, committed 114352K, reserved 1148928K
  class space    used 14266K, capacity 15510K, committed 15616K, reserved 1048576K
}
Event: 28.759 GC heap after
{Heap after GC invocations=62 (full 0):
 garbage-first heap   total 270336K, used 158133K [0x00000000a0000000, 0x0000000100000000)
  region size 1024K, 2 young (2048K), 2 survivors (2048K)
 Metaspace       used 110886K, capacity 114101K, committed 114352K, reserved 1148928K
  class space    used 14266K, capacity 15510K, committed 15616K, reserved 1048576K
}
Event: 28.903 GC heap before
{Heap before GC invocations=62 (full 0):
 garbage-first heap   total 270336K, used 210357K [0x00000000a0000000, 0x0000000100000000)
  region size 1024K, 53 young (54272K), 2 survivors (2048K)
 Metaspace       used 111299K, capacity 114583K, committed 114608K, reserved 1148928K
  class space    used 14351K, capacity 15602K, committed 15616K, reserved 1048576K
}

