# JRE version: OpenJDK Runtime Environment (11.0.15) (build 11.0.15+0-b2043.56-8887301)
# Java VM: OpenJDK 64-Bit Server VM (11.0.15+0-b2043.56-8887301, mixed mode, tiered, compressed oops, g1 gc, windows-amd64)
Heap:
 garbage-first heap   total 515072K, used 217691K [0x00000000a0000000, 0x0000000100000000)
  region size 1024K, 8 young (8192K), 8 survivors (8192K)
 Metaspace       used 117708K, capacity 121865K, committed 122032K, reserved 1155072K
  class space    used 15118K, capacity 16784K, committed 16896K, reserved 1048576K
GC Heap History (20 events):
Event: 31.545 GC heap after
{Heap after GC invocations=80 (full 0):
 garbage-first heap   total 291840K, used 158749K [0x00000000a0000000, 0x0000000100000000)
  region size 1024K, 12 young (12288K), 12 survivors (12288K)
 Metaspace       used 117490K, capacity 121638K, committed 121776K, reserved 1155072K
  class space    used 15109K, capacity 16776K, committed 16896K, reserved 1048576K
}
Event: 31.727 GC heap before
{Heap before GC invocations=80 (full 0):
 garbage-first heap   total 291840K, used 247837K [0x00000000a0000000, 0x0000000100000000)
  region size 1024K, 100 young (102400K), 12 survivors (12288K)
 Metaspace       used 117532K, capacity 121705K, committed 122032K, reserved 1155072K
  class space    used 15112K, capacity 16776K, committed 16896K, reserved 1048576K
}
Event: 31.742 GC heap after
{Heap after GC invocations=81 (full 0):
 garbage-first heap   total 291840K, used 164587K [0x00000000a0000000, 0x0000000100000000)
  region size 1024K, 11 young (11264K), 11 survivors (11264K)
 Metaspace       used 117532K, capacity 121705K, committed 122032K, reserved 1155072K
  class space    used 15112K, capacity 16776K, committed 16896K, reserved 1048576K
}
Event: 31.885 GC heap before
{Heap before GC invocations=81 (full 0):
 garbage-first heap   total 291840K, used 245483K [0x00000000a0000000, 0x0000000100000000)
  region size 1024K, 90 young (92160K), 11 survivors (11264K)
 Metaspace       used 117557K, capacity 121705K, committed 122032K, reserved 1155072K
  class space    used 15113K, capacity 16776K, committed 16896K, reserved 1048576K
}
Event: 31.899 GC heap after
{Heap after GC invocations=82 (full 0):
 garbage-first heap   total 291840K, used 172509K [0x00000000a0000000, 0x0000000100000000)
  region size 1024K, 10 young (10240K), 10 survivors (10240K)
 Metaspace       used 117557K, capacity 121705K, committed 122032K, reserved 1155072K
  class space    used 15113K, capacity 16776K, committed 16896K, reserved 1048576K
}
Event: 32.044 GC heap before
{Heap before GC invocations=82 (full 0):
 garbage-first heap   total 291840K, used 245213K [0x00000000a0000000, 0x0000000100000000)
  region size 1024K, 81 young (82944K), 10 survivors (10240K)
 Metaspace       used 117562K, capacity 121707K, committed 122032K, reserved 1155072K
  class space    used 15113K, capacity 16776K, committed 16896K, reserved 1048576K
}
Event: 32.056 GC heap after
{Heap after GC invocations=83 (full 0):
 garbage-first heap   total 291840K, used 175671K [0x00000000a0000000, 0x0000000100000000)
  region size 1024K, 5 young (5120K), 5 survivors (5120K)
 Metaspace       used 117562K, capacity 121707K, committed 122032K, reserved 1155072K
  class space    used 15113K, capacity 16776K, committed 16896K, reserved 1048576K
}
Event: 32.225 GC heap before
{Heap before GC invocations=83 (full 0):
 garbage-first heap   total 291840K, used 246327K [0x00000000a0000000, 0x0000000100000000)
  region size 1024K, 74 young (75776K), 5 survivors (5120K)
 Metaspace       used 117570K, capacity 121711K, committed 122032K, reserved 1155072K
  class space    used 15113K, capacity 16776K, committed 16896K, reserved 1048576K
}
Event: 32.234 GC heap after
{Heap after GC invocations=84 (full 0):
 garbage-first heap   total 291840K, used 178515K [0x00000000a0000000, 0x0000000100000000)
  region size 1024K, 7 young (7168K), 7 survivors (7168K)
 Metaspace       used 117570K, capacity 121711K, committed 122032K, reserved 1155072K
  class space    used 15113K, capacity 16776K, committed 16896K, reserved 1048576K
}
Event: 32.389 GC heap before
{Heap before GC invocations=84 (full 0):
 garbage-first heap   total 291840K, used 247123K [0x00000000a0000000, 0x0000000100000000)
  region size 1024K, 74 young (75776K), 7 survivors (7168K)
 Metaspace       used 117580K, capacity 121711K, committed 122032K, reserved 1155072K
  class space    used 15113K, capacity 16776K, committed 16896K, reserved 1048576K
}
Event: 32.402 GC heap after
{Heap after GC invocations=85 (full 0):
 garbage-first heap   total 291840K, used 182320K [0x00000000a0000000, 0x0000000100000000)
  region size 1024K, 8 young (8192K), 8 survivors (8192K)
 Metaspace       used 117580K, capacity 121711K, committed 122032K, reserved 1155072K
  class space    used 15113K, capacity 16776K, committed 16896K, reserved 1048576K
}
Event: 32.569 GC heap before
{Heap before GC invocations=85 (full 0):
 garbage-first heap   total 291840K, used 247856K [0x00000000a0000000, 0x0000000100000000)
  region size 1024K, 73 young (74752K), 8 survivors (8192K)
 Metaspace       used 117620K, capacity 121840K, committed 122032K, reserved 1155072K
  class space    used 15113K, capacity 16776K, committed 16896K, reserved 1048576K
}
Event: 32.588 GC heap after
{Heap after GC invocations=86 (full 0):
 garbage-first heap   total 344064K, used 189313K [0x00000000a0000000, 0x0000000100000000)
  region size 1024K, 10 young (10240K), 10 survivors (10240K)
 Metaspace       used 117620K, capacity 121840K, committed 122032K, reserved 1155072K
  class space    used 15113K, capacity 16776K, committed 16896K, reserved 1048576K
}
Event: 32.772 GC heap before
{Heap before GC invocations=86 (full 0):
 garbage-first heap   total 344064K, used 272257K [0x00000000a0000000, 0x0000000100000000)
  region size 1024K, 92 young (94208K), 10 survivors (10240K)
 Metaspace       used 117653K, capacity 121844K, committed 122032K, reserved 1155072K
  class space    used 15113K, capacity 16777K, committed 16896K, reserved 1048576K
}
Event: 32.788 GC heap after
{Heap after GC invocations=87 (full 0):
 garbage-first heap   total 344064K, used 199783K [0x00000000a0000000, 0x0000000100000000)
  region size 1024K, 12 young (12288K), 12 survivors (12288K)
 Metaspace       used 117653K, capacity 121844K, committed 122032K, reserved 1155072K
  class space    used 15113K, capacity 16777K, committed 16896K, reserved 1048576K
}
Event: 32.966 GC heap before
{Heap before GC invocations=87 (full 0):
 garbage-first heap   total 344064K, used 278631K [0x00000000a0000000, 0x0000000100000000)
  region size 1024K, 89 young (91136K), 12 survivors (12288K)
 Metaspace       used 117675K, capacity 121845K, committed 122032K, reserved 1155072K
  class space    used 15114K, capacity 16777K, committed 16896K, reserved 1048576K
}
Event: 32.984 GC heap after
{Heap after GC invocations=88 (full 0):
 garbage-first heap   total 344064K, used 204671K [0x00000000a0000000, 0x0000000100000000)
  region size 1024K, 8 young (8192K), 8 survivors (8192K)
 Metaspace       used 117675K, capacity 121845K, committed 122032K, reserved 1155072K
  class space    used 15114K, capacity 16777K, committed 16896K, reserved 1048576K
}
Event: 33.186 GC heap before
{Heap before GC invocations=88 (full 0):
 garbage-first heap   total 344064K, used 281470K [0x00000000a0000000, 0x0000000100000000)
  region size 1024K, 84 young (86016K), 8 survivors (8192K)
 Metaspace       used 117695K, capacity 121857K, committed 122032K, reserved 1155072K
  class space    used 15116K, capacity 16781K, committed 16896K, reserved 1048576K
}
Event: 33.199 GC heap after
{Heap after GC invocations=89 (full 0):
 garbage-first heap   total 344064K, used 212351K [0x00000000a0000000, 0x0000000100000000)
  region size 1024K, 8 young (8192K), 8 survivors (8192K)
 Metaspace       used 117695K, capacity 121857K, committed 122032K, reserved 1155072K
  class space    used 15116K, capacity 16781K, committed 16896K, reserved 1048576K
}
Event: 33.344 GC heap before
{Heap before GC invocations=89 (full 0):
 garbage-first heap   total 344064K, used 285055K [0x00000000a0000000, 0x0000000100000000)
  region size 1024K, 80 young (81920K), 8 survivors (8192K)
 Metaspace       used 117708K, capacity 121865K, committed 122032K, reserved 1155072K
  class space    used 15118K, capacity 16784K, committed 16896K, reserved 1048576K
}

